#
# There is insufficient memory for the Java Runtime Environment to continue.
# Native memory allocation (mmap) failed to map 73400320 bytes for G1 virtual space
# Possible reasons:
#   The system is out of physical RAM or swap space
#   The process is running with CompressedOops enabled, and the Java Heap may be blocking the growth of the native heap
# Possible solutions:
#   Reduce memory load on the system
#   Increase physical memory or swap space
#   Check if swap backing store is full
#   Decrease Java heap size (-Xmx/-Xms)
#   Decrease number of Java threads
#   Decrease Java thread stack sizes (-Xss)
#   Set larger code cache with -XX:ReservedCodeCacheSize=
#   JVM is running with Unscaled Compressed Oops mode in which the Java heap is
#     placed in the first 4GB address space. The Java Heap base address is the
#     maximum limit for the native heap growth. Please use -XX:HeapBaseMinAddress
#     to set the Java Heap base and to place the Java Heap above 4GB virtual address.
# This output file may be truncated or incomplete.
#
#  Out of Memory Error (os_windows.cpp:3600), pid=28920, tid=23072
#
# JRE version: OpenJDK Runtime Environment (21.0+35) (build 21+35-2513)
# Java VM: OpenJDK 64-Bit Server VM (21+35-2513, mixed mode, sharing, tiered, compressed oops, compressed class ptrs, g1 gc, windows-amd64)
# No core dump will be written. Minidumps are not enabled by default on client versions of Windows
#

---------------  S U M M A R Y ------------

Command Line: -javaagent:D:\Program Files\IntelliJ IDEA Community Edition 2023.2.1\lib\idea_rt.jar=63470:D:\Program Files\IntelliJ IDEA Community Edition 2023.2.1\bin -Dfile.encoding=UTF-8 -Dsun.stdout.encoding=UTF-8 -Dsun.stderr.encoding=UTF-8 ui.GameFrame

Host: 11th Gen Intel(R) Core(TM) i5-1135G7 @ 2.40GHz, 8 cores, 7G,  Windows 10 , 64 bit Build 19041 (10.0.19041.5915)
Time: Fri May  8 21:11:36 2026 RTZ 3 (s 10 , 64 bit Build 19041 (10.0.19041.5915) elapsed time: 0.974779 seconds (0d 0h 0m 0s)

---------------  T H R E A D  ---------------

Current thread (0x000001f4d16ee390):  VMThread "VM Thread"          [id=23072, stack(0x0000006bde400000,0x0000006bde500000) (1024K)]

Stack: [0x0000006bde400000,0x0000006bde500000]
Native frames: (J=compiled Java code, j=interpreted, Vv=VM code, C=native code)
V  [jvm.dll+0x6c8d39]
V  [jvm.dll+0x854091]
V  [jvm.dll+0x85630e]
V  [jvm.dll+0x8569e3]
V  [jvm.dll+0x2809a6]
V  [jvm.dll+0x6c5425]
V  [jvm.dll+0x6b9e1a]
V  [jvm.dll+0x3555ba]
V  [jvm.dll+0x35d206]
V  [jvm.dll+0x3adf6e]
V  [jvm.dll+0x3ae218]
V  [jvm.dll+0x328fcc]
V  [jvm.dll+0x32b876]
V  [jvm.dll+0x3357ce]
V  [jvm.dll+0x36ba35]
V  [jvm.dll+0x85c4e8]
V  [jvm.dll+0x85d5e4]
V  [jvm.dll+0x85db20]
V  [jvm.dll+0x85ddc3]
V  [jvm.dll+0x7fd2c8]
V  [jvm.dll+0x6c748d]
C  [ucrtbase.dll+0x21bb2]
C  [KERNEL32.DLL+0x17374]
C  [ntdll.dll+0x4cc91]

VM_Operation (0x0000006bddfffaf0): G1PauseRemark, mode: safepoint, requested by thread 0x000001f4b4ec0f90


---------------  P R O C E S S  ---------------

Threads class SMR info:
_java_thread_list=0x000001f4d1c43920, length=60, elements={
0x000001f4d170d3f0, 0x000001f4d170e400, 0x000001f4d17134a0, 0x000001f4d1716000,
0x000001f4d1716b50, 0x000001f4d17176a0, 0x000001f4d1718520, 0x000001f4d171e920,
0x000001f4d196b4b0, 0x000001f4d1a75d30, 0x000001f4d1a763a0, 0x000001f4d1c21f70,
0x000001f4d1c335f0, 0x000001f4d1c22e70, 0x000001f4d1c47c20, 0x000001f4b2db1c00,
0x000001f5207b7080, 0x000001f5209a4b00, 0x000001f5209b1180, 0x000001f520af4840,
0x000001f5209c8eb0, 0x000001f5209c8820, 0x000001f5209c9540, 0x000001f5209c9bd0,
0x000001f520b874d0, 0x000001f520b88f10, 0x000001f520b86e40, 0x000001f520b895a0,
0x000001f520b87b60, 0x000001f520b88880, 0x000001f520b89c30, 0x000001f520b881f0,
0x000001f520b8a2c0, 0x000001f520cd7520, 0x000001f520cda310, 0x000001f520cd7bb0,
0x000001f520cd4dc0, 0x000001f520cd8240, 0x000001f520cd6800, 0x000001f520cd88d0,
0x000001f520cd40a0, 0x000001f520cd8f60, 0x000001f520cd9c80, 0x000001f520cd95f0,
0x000001f520cda9a0, 0x000001f520cd3a10, 0x000001f520cdb030, 0x000001f520cd6170,
0x000001f520cd4730, 0x000001f520cd5450, 0x000001f520cd5ae0, 0x000001f520cd6e90,
0x000001f521561de0, 0x000001f521566ca0, 0x000001f521561750, 0x000001f5215603a0,
0x000001f521567330, 0x000001f521562470, 0x000001f5215679c0, 0x000001f521560a30
}

Java Threads: ( => current thread )
  0x000001f4d170d3f0 JavaThread "Reference Handler"          daemon [_thread_blocked, id=17544, stack(0x0000006bde500000,0x0000006bde600000) (1024K)]
  0x000001f4d170e400 JavaThread "Finalizer"                  daemon [_thread_blocked, id=5112, stack(0x0000006bde600000,0x0000006bde700000) (1024K)]
  0x000001f4d17134a0 JavaThread "Signal Dispatcher"          daemon [_thread_blocked, id=18152, stack(0x0000006bde700000,0x0000006bde800000) (1024K)]
  0x000001f4d1716000 JavaThread "Attach Listener"            daemon [_thread_blocked, id=12768, stack(0x0000006bde800000,0x0000006bde900000) (1024K)]
  0x000001f4d1716b50 JavaThread "Service Thread"             daemon [_thread_blocked, id=23164, stack(0x0000006bde900000,0x0000006bdea00000) (1024K)]
  0x000001f4d17176a0 JavaThread "Monitor Deflation Thread"   daemon [_thread_blocked, id=13396, stack(0x0000006bdea00000,0x0000006bdeb00000) (1024K)]
  0x000001f4d1718520 JavaThread "C2 CompilerThread0"         daemon [_thread_blocked, id=11856, stack(0x0000006bdeb00000,0x0000006bdec00000) (1024K)]
  0x000001f4d171e920 JavaThread "C1 CompilerThread0"         daemon [_thread_blocked, id=13576, stack(0x0000006bdec00000,0x0000006bded00000) (1024K)]
  0x000001f4d196b4b0 JavaThread "Common-Cleaner"             daemon [_thread_blocked, id=9376, stack(0x0000006bded00000,0x0000006bdee00000) (1024K)]
  0x000001f4d1a75d30 JavaThread "Monitor Ctrl-Break"         daemon [_thread_in_native, id=18404, stack(0x0000006bdee00000,0x0000006bdef00000) (1024K)]
  0x000001f4d1a763a0 JavaThread "Notification Thread"        daemon [_thread_blocked, id=9944, stack(0x0000006bdef00000,0x0000006bdf000000) (1024K)]
  0x000001f4d1c21f70 JavaThread "Java2D Disposer"            daemon [_thread_blocked, id=21064, stack(0x0000006bdf000000,0x0000006bdf100000) (1024K)]
  0x000001f4d1c335f0 JavaThread "AWT-Shutdown"                      [_thread_blocked, id=25132, stack(0x0000006bdf100000,0x0000006bdf200000) (1024K)]
  0x000001f4d1c22e70 JavaThread "AWT-Windows"                daemon [_thread_in_native, id=27188, stack(0x0000006bdf200000,0x0000006bdf300000) (1024K)]
  0x000001f4d1c47c20 JavaThread "AWT-EventQueue-0"                  [_thread_blocked, id=9104, stack(0x0000006bdf300000,0x0000006bdf400000) (1024K)]
  0x000001f4b2db1c00 JavaThread "DestroyJavaVM"                     [_thread_blocked, id=30540, stack(0x0000006bddd00000,0x0000006bdde00000) (1024K)]
  0x000001f5207b7080 JavaThread "C2 CompilerThread1"         daemon [_thread_blocked, id=15088, stack(0x0000006bdf400000,0x0000006bdf500000) (1024K)]
  0x000001f5209a4b00 JavaThread "Java Sound Event Dispatcher" daemon [_thread_blocked, id=25952, stack(0x0000006bdf700000,0x0000006bdf800000) (1024K)]
  0x000001f5209b1180 JavaThread "Direct Clip"                daemon [_thread_blocked, id=16564, stack(0x0000006bdfb00000,0x0000006bdfc00000) (1024K)]
  0x000001f520af4840 JavaThread "Direct Clip"                daemon [_thread_blocked, id=5912, stack(0x0000006be0300000,0x0000006be0400000) (1024K)]
  0x000001f5209c8eb0 JavaThread "Direct Clip"                daemon [_thread_blocked, id=24788, stack(0x0000006be0400000,0x0000006be0500000) (1024K)]
  0x000001f5209c8820 JavaThread "Direct Clip"                daemon [_thread_blocked, id=17624, stack(0x0000006be0500000,0x0000006be0600000) (1024K)]
  0x000001f5209c9540 JavaThread "Direct Clip"                daemon [_thread_blocked, id=30960, stack(0x0000006be0600000,0x0000006be0700000) (1024K)]
  0x000001f5209c9bd0 JavaThread "Direct Clip"                daemon [_thread_blocked, id=22540, stack(0x0000006be0700000,0x0000006be0800000) (1024K)]
  0x000001f520b874d0 JavaThread "Direct Clip"                daemon [_thread_blocked, id=6976, stack(0x0000006be0800000,0x0000006be0900000) (1024K)]
  0x000001f520b88f10 JavaThread "Direct Clip"                daemon [_thread_blocked, id=7016, stack(0x0000006be0900000,0x0000006be0a00000) (1024K)]
  0x000001f520b86e40 JavaThread "Direct Clip"                daemon [_thread_blocked, id=8784, stack(0x0000006be0a00000,0x0000006be0b00000) (1024K)]
  0x000001f520b895a0 JavaThread "Direct Clip"                daemon [_thread_blocked, id=5412, stack(0x0000006be0b00000,0x0000006be0c00000) (1024K)]
  0x000001f520b87b60 JavaThread "Direct Clip"                daemon [_thread_blocked, id=18492, stack(0x0000006be0c00000,0x0000006be0d00000) (1024K)]
  0x000001f520b88880 JavaThread "Direct Clip"                daemon [_thread_blocked, id=33036, stack(0x0000006be0d00000,0x0000006be0e00000) (1024K)]
  0x000001f520b89c30 JavaThread "Direct Clip"                daemon [_thread_blocked, id=33624, stack(0x0000006be0e00000,0x0000006be0f00000) (1024K)]
  0x000001f520b881f0 JavaThread "Direct Clip"                daemon [_thread_blocked, id=7520, stack(0x0000006be0f00000,0x0000006be1000000) (1024K)]
  0x000001f520b8a2c0 JavaThread "Direct Clip"                daemon [_thread_blocked, id=23736, stack(0x0000006be1000000,0x0000006be1100000) (1024K)]
  0x000001f520cd7520 JavaThread "Direct Clip"                daemon [_thread_blocked, id=10488, stack(0x0000006be1100000,0x0000006be1200000) (1024K)]
  0x000001f520cda310 JavaThread "Direct Clip"                daemon [_thread_blocked, id=12704, stack(0x0000006be1200000,0x0000006be1300000) (1024K)]
  0x000001f520cd7bb0 JavaThread "Direct Clip"                daemon [_thread_blocked, id=31508, stack(0x0000006be1300000,0x0000006be1400000) (1024K)]
  0x000001f520cd4dc0 JavaThread "Direct Clip"                daemon [_thread_blocked, id=5252, stack(0x0000006be1400000,0x0000006be1500000) (1024K)]
  0x000001f520cd8240 JavaThread "Direct Clip"                daemon [_thread_blocked, id=19700, stack(0x0000006be1500000,0x0000006be1600000) (1024K)]
  0x000001f520cd6800 JavaThread "Direct Clip"                daemon [_thread_blocked, id=3644, stack(0x0000006be1600000,0x0000006be1700000) (1024K)]
  0x000001f520cd88d0 JavaThread "Direct Clip"                daemon [_thread_blocked, id=31044, stack(0x0000006be1700000,0x0000006be1800000) (1024K)]
  0x000001f520cd40a0 JavaThread "Direct Clip"                daemon [_thread_blocked, id=22752, stack(0x0000006be1800000,0x0000006be1900000) (1024K)]
  0x000001f520cd8f60 JavaThread "Direct Clip"                daemon [_thread_blocked, id=16884, stack(0x0000006be1900000,0x0000006be1a00000) (1024K)]
  0x000001f520cd9c80 JavaThread "Direct Clip"                daemon [_thread_blocked, id=27304, stack(0x0000006be1a00000,0x0000006be1b00000) (1024K)]
  0x000001f520cd95f0 JavaThread "Direct Clip"                daemon [_thread_blocked, id=26336, stack(0x0000006be1b00000,0x0000006be1c00000) (1024K)]
  0x000001f520cda9a0 JavaThread "Direct Clip"                daemon [_thread_blocked, id=1768, stack(0x0000006be1c00000,0x0000006be1d00000) (1024K)]
  0x000001f520cd3a10 JavaThread "Direct Clip"                daemon [_thread_blocked, id=24000, stack(0x0000006be1d00000,0x0000006be1e00000) (1024K)]
  0x000001f520cdb030 JavaThread "Direct Clip"                daemon [_thread_blocked, id=30876, stack(0x0000006be1e00000,0x0000006be1f00000) (1024K)]
  0x000001f520cd6170 JavaThread "Direct Clip"                daemon [_thread_blocked, id=27576, stack(0x0000006be1f00000,0x0000006be2000000) (1024K)]
  0x000001f520cd4730 JavaThread "Direct Clip"                daemon [_thread_blocked, id=7824, stack(0x0000006be2000000,0x0000006be2100000) (1024K)]
  0x000001f520cd5450 JavaThread "Direct Clip"                daemon [_thread_blocked, id=16124, stack(0x0000006be2100000,0x0000006be2200000) (1024K)]
  0x000001f520cd5ae0 JavaThread "Direct Clip"                daemon [_thread_blocked, id=15468, stack(0x0000006be2200000,0x0000006be2300000) (1024K)]
  0x000001f520cd6e90 JavaThread "Direct Clip"                daemon [_thread_blocked, id=30600, stack(0x0000006be2300000,0x0000006be2400000) (1024K)]
  0x000001f521561de0 JavaThread "Direct Clip"                daemon [_thread_blocked, id=15532, stack(0x0000006be2400000,0x0000006be2500000) (1024K)]
  0x000001f521566ca0 JavaThread "Direct Clip"                daemon [_thread_blocked, id=6452, stack(0x0000006be2500000,0x0000006be2600000) (1024K)]
  0x000001f521561750 JavaThread "Direct Clip"                daemon [_thread_blocked, id=26208, stack(0x0000006be2600000,0x0000006be2700000) (1024K)]
  0x000001f5215603a0 JavaThread "Direct Clip"                daemon [_thread_blocked, id=13824, stack(0x0000006be2700000,0x0000006be2800000) (1024K)]
  0x000001f521567330 JavaThread "Direct Clip"                daemon [_thread_blocked, id=22264, stack(0x0000006be2800000,0x0000006be2900000) (1024K)]
  0x000001f521562470 JavaThread "Direct Clip"                daemon [_thread_blocked, id=23956, stack(0x0000006be2900000,0x0000006be2a00000) (1024K)]
  0x000001f5215679c0 JavaThread "Direct Clip"                daemon [_thread_blocked, id=20432, stack(0x0000006be2a00000,0x0000006be2b00000) (1024K)]
  0x000001f521560a30 JavaThread "Direct Clip"                daemon [_thread_blocked, id=20556, stack(0x0000006be2b00000,0x0000006be2c00000) (1024K)]
Total: 60

Other Threads:
=>0x000001f4d16ee390 VMThread "VM Thread"                           [id=23072, stack(0x0000006bde400000,0x0000006bde500000) (1024K)]
  0x000001f4d16d3660 WatcherThread "VM Periodic Task Thread"        [id=5904, stack(0x0000006bde300000,0x0000006bde400000) (1024K)]
  0x000001f4b4eb0440 WorkerThread "GC Thread#0"                     [id=320, stack(0x0000006bdde00000,0x0000006bddf00000) (1024K)]
  0x000001f4d16ee730 WorkerThread "GC Thread#1"                     [id=25948, stack(0x0000006bdfc00000,0x0000006bdfd00000) (1024K)]
  0x000001f4d16edff0 WorkerThread "GC Thread#2"                     [id=2144, stack(0x0000006bdfd00000,0x0000006bdfe00000) (1024K)]
  0x000001f4d16eead0 WorkerThread "GC Thread#3"                     [id=5524, stack(0x0000006bdfe00000,0x0000006bdff00000) (1024K)]
  0x000001f4d16ed170 WorkerThread "GC Thread#4"                     [id=30832, stack(0x0000006bdff00000,0x0000006be0000000) (1024K)]
  0x000001f4d16ed510 WorkerThread "GC Thread#5"                     [id=27524, stack(0x0000006be0000000,0x0000006be0100000) (1024K)]
  0x000001f4d16ed8b0 WorkerThread "GC Thread#6"                     [id=6784, stack(0x0000006be0100000,0x0000006be0200000) (1024K)]
  0x000001f520a56ce0 WorkerThread "GC Thread#7"                     [id=17044, stack(0x0000006be0200000,0x0000006be0300000) (1024K)]
  0x000001f4b4ec0f90 ConcurrentGCThread "G1 Main Marker"            [id=13628, stack(0x0000006bddf00000,0x0000006bde000000) (1024K)]
  0x000001f4b4ec2230 WorkerThread "G1 Conc#0"                       [id=17216, stack(0x0000006bde000000,0x0000006bde100000) (1024K)]
  0x000001f520a57080 WorkerThread "G1 Conc#1"                       [id=33788, stack(0x0000006be2c00000,0x0000006be2d00000) (1024K)]
  0x000001f4b4f2e540 ConcurrentGCThread "G1 Refine#0"               [id=23664, stack(0x0000006bde100000,0x0000006bde200000) (1024K)]
  0x000001f4d15a5630 ConcurrentGCThread "G1 Service"                [id=16932, stack(0x0000006bde200000,0x0000006bde300000) (1024K)]
Total: 15

Threads with active compile tasks:
C2 CompilerThread0      983 1481       4       java.lang.CharacterData::of (136 bytes)
C1 CompilerThread0      983 1507       3       java.lang.invoke.StringConcatFactory::parseRecipe (213 bytes)
C2 CompilerThread1      983 1494       4       java.util.regex.Matcher::find (69 bytes)
Total: 3

VM state: at safepoint (normal execution)

VM Mutex/Monitor currently owned by a thread:  ([mutex/lock_event])
[0x00007ffe34d08548] Threads_lock - owner thread: 0x000001f4d16ee390
[0x00007ffe34d08648] Heap_lock - owner thread: 0x000001f4b4ec0f90

Heap address: 0x0000000083200000, size: 1998 MB, Compressed Oops mode: 32-bit

CDS archive(s) mapped at: [0x000001f4d2000000-0x000001f4d2c90000-0x000001f4d2c90000), size 13172736, SharedBaseAddress: 0x000001f4d2000000, ArchiveRelocationMode: 1.
Compressed class space mapped at: 0x000001f4d3000000-0x000001f513000000, reserved size: 1073741824
Narrow klass base: 0x000001f4d2000000, Narrow klass shift: 0, Narrow klass range: 0x100000000

GC Precious Log:
 CardTable entry size: 512
 Card Set container configuration: InlinePtr #cards 5 size 8 Array Of Cards #cards 12 size 40 Howl #buckets 4 coarsen threshold 1843 Howl Bitmap #cards 512 size 80 coarsen threshold 460 Card regions per heap region 1 cards per card region 2048
 CPUs: 8 total, 8 available
 Memory: 7991M
 Large Page Support: Disabled
 NUMA Support: Disabled
 Compressed Oops: Enabled (32-bit)
 Heap Region Size: 1M
 Heap Min Capacity: 8M
 Heap Initial Capacity: 126M
 Heap Max Capacity: 1998M
 Pre-touch: Disabled
 Parallel Workers: 8
 Concurrent Workers: 2
 Concurrent Refinement Workers: 8
 Periodic GC: Disabled

Heap:
 garbage-first heap   total 137216K, used 122740K [0x0000000083200000, 0x0000000100000000)
  region size 1024K, 2 young (2048K), 1 survivors (1024K)
 Metaspace       used 8509K, committed 8832K, reserved 1114112K
  class space    used 860K, committed 1024K, reserved 1048576K

Heap Regions: E=young(eden), S=young(survivor), O=old, HS=humongous(starts), HC=humongous(continues), CS=collection set, F=free, TAMS=top-at-mark-start, PB=parsable bottom
|   0|0x0000000083200000, 0x0000000083300000, 0x0000000083300000|100%|HS|  |TAMS 0x0000000083300000| PB 0x0000000083200000| Complete 
|   1|0x0000000083300000, 0x0000000083400000, 0x0000000083400000|100%|HC|  |TAMS 0x0000000083400000| PB 0x0000000083300000| Complete 
|   2|0x0000000083400000, 0x0000000083500000, 0x0000000083500000|100%| O|  |TAMS 0x0000000083500000| PB 0x0000000083500000| Updating 
|   3|0x0000000083500000, 0x0000000083600000, 0x0000000083600000|100%| O|  |TAMS 0x0000000083600000| PB 0x0000000083600000| Updating 
|   4|0x0000000083600000, 0x0000000083700000, 0x0000000083700000|100%| O|  |TAMS 0x0000000083700000| PB 0x0000000083700000| Updating 
|   5|0x0000000083700000, 0x0000000083800000, 0x0000000083800000|100%| O|  |TAMS 0x0000000083800000| PB 0x0000000083800000| Updating 
|   6|0x0000000083800000, 0x0000000083900000, 0x0000000083900000|100%| O|  |TAMS 0x0000000083900000| PB 0x0000000083900000| Untracked 
|   7|0x0000000083900000, 0x0000000083a00000, 0x0000000083a00000|100%|HS|  |TAMS 0x0000000083a00000| PB 0x0000000083900000| Complete 
|   8|0x0000000083a00000, 0x0000000083b00000, 0x0000000083b00000|100%|HS|  |TAMS 0x0000000083b00000| PB 0x0000000083a00000| Complete 
|   9|0x0000000083b00000, 0x0000000083c00000, 0x0000000083c00000|100%|HS|  |TAMS 0x0000000083c00000| PB 0x0000000083b00000| Complete 
|  10|0x0000000083c00000, 0x0000000083d00000, 0x0000000083d00000|100%|HS|  |TAMS 0x0000000083d00000| PB 0x0000000083c00000| Complete 
|  11|0x0000000083d00000, 0x0000000083e00000, 0x0000000083e00000|100%|HS|  |TAMS 0x0000000083e00000| PB 0x0000000083d00000| Complete 
|  12|0x0000000083e00000, 0x0000000083f00000, 0x0000000083f00000|100%|HS|  |TAMS 0x0000000083f00000| PB 0x0000000083e00000| Complete 
|  13|0x0000000083f00000, 0x0000000084000000, 0x0000000084000000|100%|HS|  |TAMS 0x0000000084000000| PB 0x0000000083f00000| Complete 
|  14|0x0000000084000000, 0x0000000084100000, 0x0000000084100000|100%|HS|  |TAMS 0x0000000084100000| PB 0x0000000084000000| Complete 
|  15|0x0000000084100000, 0x0000000084200000, 0x0000000084200000|100%|HS|  |TAMS 0x0000000084200000| PB 0x0000000084100000| Complete 
|  16|0x0000000084200000, 0x0000000084300000, 0x0000000084300000|100%|HS|  |TAMS 0x0000000084300000| PB 0x0000000084200000| Complete 
|  17|0x0000000084300000, 0x0000000084400000, 0x0000000084400000|100%|HC|  |TAMS 0x0000000084400000| PB 0x0000000084300000| Complete 
|  18|0x0000000084400000, 0x0000000084500000, 0x0000000084500000|100%|HS|  |TAMS 0x0000000084500000| PB 0x0000000084400000| Complete 
|  19|0x0000000084500000, 0x0000000084600000, 0x0000000084600000|100%|HC|  |TAMS 0x0000000084600000| PB 0x0000000084500000| Complete 
|  20|0x0000000084600000, 0x0000000084700000, 0x0000000084700000|100%|HS|  |TAMS 0x0000000084700000| PB 0x0000000084600000| Complete 
|  21|0x0000000084700000, 0x0000000084800000, 0x0000000084800000|100%|HS|  |TAMS 0x0000000084800000| PB 0x0000000084700000| Complete 
|  22|0x0000000084800000, 0x0000000084900000, 0x0000000084900000|100%|HS|  |TAMS 0x0000000084900000| PB 0x0000000084800000| Complete 
|  23|0x0000000084900000, 0x0000000084a00000, 0x0000000084a00000|100%|HS|  |TAMS 0x0000000084a00000| PB 0x0000000084900000| Complete 
|  24|0x0000000084a00000, 0x0000000084b00000, 0x0000000084b00000|100%|HS|  |TAMS 0x0000000084b00000| PB 0x0000000084a00000| Complete 
|  25|0x0000000084b00000, 0x0000000084c00000, 0x0000000084c00000|100%|HS|  |TAMS 0x0000000084c00000| PB 0x0000000084b00000| Complete 
|  26|0x0000000084c00000, 0x0000000084d00000, 0x0000000084d00000|100%|HS|  |TAMS 0x0000000084d00000| PB 0x0000000084c00000| Complete 
|  27|0x0000000084d00000, 0x0000000084e00000, 0x0000000084e00000|100%|HS|  |TAMS 0x0000000084e00000| PB 0x0000000084d00000| Complete 
|  28|0x0000000084e00000, 0x0000000084f00000, 0x0000000084f00000|100%|HS|  |TAMS 0x0000000084f00000| PB 0x0000000084e00000| Complete 
|  29|0x0000000084f00000, 0x0000000085000000, 0x0000000085000000|100%|HS|  |TAMS 0x0000000085000000| PB 0x0000000084f00000| Complete 
|  30|0x0000000085000000, 0x0000000085100000, 0x0000000085100000|100%|HS|  |TAMS 0x0000000085100000| PB 0x0000000085000000| Complete 
|  31|0x0000000085100000, 0x0000000085200000, 0x0000000085200000|100%| O|  |TAMS 0x0000000085200000| PB 0x0000000085200000| Untracked 
|  32|0x0000000085200000, 0x0000000085300000, 0x0000000085300000|100%| O|  |TAMS 0x0000000085300000| PB 0x0000000085300000| Updating 
|  33|0x0000000085300000, 0x0000000085400000, 0x0000000085400000|100%| O|  |TAMS 0x0000000085400000| PB 0x0000000085400000| Updating 
|  34|0x0000000085400000, 0x0000000085500000, 0x0000000085500000|100%| O|  |TAMS 0x0000000085500000| PB 0x0000000085500000| Untracked 
|  35|0x0000000085500000, 0x0000000085600000, 0x0000000085600000|100%| O|  |TAMS 0x0000000085600000| PB 0x0000000085600000| Untracked 
|  36|0x0000000085600000, 0x0000000085700000, 0x0000000085700000|100%| O|  |TAMS 0x0000000085700000| PB 0x0000000085700000| Updating 
|  37|0x0000000085700000, 0x0000000085800000, 0x0000000085800000|100%| O|  |TAMS 0x0000000085800000| PB 0x0000000085800000| Untracked 
|  38|0x0000000085800000, 0x0000000085900000, 0x0000000085900000|100%| O|  |TAMS 0x0000000085900000| PB 0x0000000085900000| Updating 
|  39|0x0000000085900000, 0x0000000085a00000, 0x0000000085a00000|100%| O|  |TAMS 0x0000000085a00000| PB 0x0000000085a00000| Updating 
|  40|0x0000000085a00000, 0x0000000085b00000, 0x0000000085b00000|100%| O|  |TAMS 0x0000000085b00000| PB 0x0000000085b00000| Updating 
|  41|0x0000000085b00000, 0x0000000085b00000, 0x0000000085c00000|  0%| F|  |TAMS 0x0000000085b00000| PB 0x0000000085b00000| Untracked 
|  42|0x0000000085c00000, 0x0000000085d00000, 0x0000000085d00000|100%| O|  |TAMS 0x0000000085d00000| PB 0x0000000085d00000| Updating 
|  43|0x0000000085d00000, 0x0000000085e00000, 0x0000000085e00000|100%|HS|  |TAMS 0x0000000085e00000| PB 0x0000000085d00000| Complete 
|  44|0x0000000085e00000, 0x0000000085f00000, 0x0000000085f00000|100%|HS|  |TAMS 0x0000000085f00000| PB 0x0000000085e00000| Complete 
|  45|0x0000000085f00000, 0x0000000086000000, 0x0000000086000000|100%|HS|  |TAMS 0x0000000086000000| PB 0x0000000085f00000| Complete 
|  46|0x0000000086000000, 0x0000000086100000, 0x0000000086100000|100%|HS|  |TAMS 0x0000000086100000| PB 0x0000000086000000| Complete 
|  47|0x0000000086100000, 0x0000000086200000, 0x0000000086200000|100%|HS|  |TAMS 0x0000000086200000| PB 0x0000000086100000| Complete 
|  48|0x0000000086200000, 0x0000000086300000, 0x0000000086300000|100%|HS|  |TAMS 0x0000000086300000| PB 0x0000000086200000| Complete 
|  49|0x0000000086300000, 0x0000000086400000, 0x0000000086400000|100%|HS|  |TAMS 0x0000000086400000| PB 0x0000000086300000| Complete 
|  50|0x0000000086400000, 0x0000000086500000, 0x0000000086500000|100%|HS|  |TAMS 0x0000000086500000| PB 0x0000000086400000| Complete 
|  51|0x0000000086500000, 0x0000000086600000, 0x0000000086600000|100%|HS|  |TAMS 0x0000000086600000| PB 0x0000000086500000| Complete 
|  52|0x0000000086600000, 0x0000000086700000, 0x0000000086700000|100%|HS|  |TAMS 0x0000000086700000| PB 0x0000000086600000| Complete 
|  53|0x0000000086700000, 0x0000000086800000, 0x0000000086800000|100%|HC|  |TAMS 0x0000000086800000| PB 0x0000000086700000| Complete 
|  54|0x0000000086800000, 0x0000000086900000, 0x0000000086900000|100%|HC|  |TAMS 0x0000000086900000| PB 0x0000000086800000| Complete 
|  55|0x0000000086900000, 0x0000000086a00000, 0x0000000086a00000|100%|HC|  |TAMS 0x0000000086a00000| PB 0x0000000086900000| Complete 
|  56|0x0000000086a00000, 0x0000000086b00000, 0x0000000086b00000|100%|HC|  |TAMS 0x0000000086b00000| PB 0x0000000086a00000| Complete 
|  57|0x0000000086b00000, 0x0000000086c00000, 0x0000000086c00000|100%|HC|  |TAMS 0x0000000086c00000| PB 0x0000000086b00000| Complete 
|  58|0x0000000086c00000, 0x0000000086d00000, 0x0000000086d00000|100%|HC|  |TAMS 0x0000000086d00000| PB 0x0000000086c00000| Complete 
|  59|0x0000000086d00000, 0x0000000086e00000, 0x0000000086e00000|100%|HC|  |TAMS 0x0000000086e00000| PB 0x0000000086d00000| Complete 
|  60|0x0000000086e00000, 0x0000000086f00000, 0x0000000086f00000|100%|HC|  |TAMS 0x0000000086f00000| PB 0x0000000086e00000| Complete 
|  61|0x0000000086f00000, 0x0000000087000000, 0x0000000087000000|100%|HC|  |TAMS 0x0000000087000000| PB 0x0000000086f00000| Complete 
|  62|0x0000000087000000, 0x0000000087100000, 0x0000000087100000|100%|HC|  |TAMS 0x0000000087100000| PB 0x0000000087000000| Complete 
|  63|0x0000000087100000, 0x0000000087200000, 0x0000000087200000|100%|HC|  |TAMS 0x0000000087200000| PB 0x0000000087100000| Complete 
|  64|0x0000000087200000, 0x0000000087300000, 0x0000000087300000|100%|HC|  |TAMS 0x0000000087300000| PB 0x0000000087200000| Complete 
|  65|0x0000000087300000, 0x0000000087400000, 0x0000000087400000|100%|HC|  |TAMS 0x0000000087400000| PB 0x0000000087300000| Complete 
|  66|0x0000000087400000, 0x0000000087500000, 0x0000000087500000|100%|HC|  |TAMS 0x0000000087500000| PB 0x0000000087400000| Complete 
|  67|0x0000000087500000, 0x0000000087600000, 0x0000000087600000|100%|HC|  |TAMS 0x0000000087600000| PB 0x0000000087500000| Complete 
|  68|0x0000000087600000, 0x0000000087700000, 0x0000000087700000|100%|HC|  |TAMS 0x0000000087700000| PB 0x0000000087600000| Complete 
|  69|0x0000000087700000, 0x0000000087800000, 0x0000000087800000|100%|HC|  |TAMS 0x0000000087800000| PB 0x0000000087700000| Complete 
|  70|0x0000000087800000, 0x0000000087900000, 0x0000000087900000|100%|HC|  |TAMS 0x0000000087900000| PB 0x0000000087800000| Complete 
|  71|0x0000000087900000, 0x0000000087a00000, 0x0000000087a00000|100%|HC|  |TAMS 0x0000000087a00000| PB 0x0000000087900000| Complete 
|  72|0x0000000087a00000, 0x0000000087b00000, 0x0000000087b00000|100%|HC|  |TAMS 0x0000000087b00000| PB 0x0000000087a00000| Complete 
|  73|0x0000000087b00000, 0x0000000087c00000, 0x0000000087c00000|100%|HC|  |TAMS 0x0000000087c00000| PB 0x0000000087b00000| Complete 
|  74|0x0000000087c00000, 0x0000000087d00000, 0x0000000087d00000|100%|HC|  |TAMS 0x0000000087d00000| PB 0x0000000087c00000| Complete 
|  75|0x0000000087d00000, 0x0000000087e00000, 0x0000000087e00000|100%|HC|  |TAMS 0x0000000087e00000| PB 0x0000000087d00000| Complete 
|  76|0x0000000087e00000, 0x0000000087f00000, 0x0000000087f00000|100%|HC|  |TAMS 0x0000000087f00000| PB 0x0000000087e00000| Complete 
|  77|0x0000000087f00000, 0x0000000088000000, 0x0000000088000000|100%|HC|  |TAMS 0x0000000088000000| PB 0x0000000087f00000| Complete 
|  78|0x0000000088000000, 0x0000000088100000, 0x0000000088100000|100%|HC|  |TAMS 0x0000000088100000| PB 0x0000000088000000| Complete 
|  79|0x0000000088100000, 0x0000000088200000, 0x0000000088200000|100%|HC|  |TAMS 0x0000000088200000| PB 0x0000000088100000| Complete 
|  80|0x0000000088200000, 0x0000000088300000, 0x0000000088300000|100%|HC|  |TAMS 0x0000000088300000| PB 0x0000000088200000| Complete 
|  81|0x0000000088300000, 0x0000000088400000, 0x0000000088400000|100%|HC|  |TAMS 0x0000000088400000| PB 0x0000000088300000| Complete 
|  82|0x0000000088400000, 0x0000000088500000, 0x0000000088500000|100%|HC|  |TAMS 0x0000000088500000| PB 0x0000000088400000| Complete 
|  83|0x0000000088500000, 0x0000000088600000, 0x0000000088600000|100%|HC|  |TAMS 0x0000000088600000| PB 0x0000000088500000| Complete 
|  84|0x0000000088600000, 0x0000000088700000, 0x0000000088700000|100%|HC|  |TAMS 0x0000000088700000| PB 0x0000000088600000| Complete 
|  85|0x0000000088700000, 0x0000000088800000, 0x0000000088800000|100%|HC|  |TAMS 0x0000000088800000| PB 0x0000000088700000| Complete 
|  86|0x0000000088800000, 0x0000000088900000, 0x0000000088900000|100%|HC|  |TAMS 0x0000000088900000| PB 0x0000000088800000| Complete 
|  87|0x0000000088900000, 0x0000000088a00000, 0x0000000088a00000|100%|HC|  |TAMS 0x0000000088a00000| PB 0x0000000088900000| Complete 
|  88|0x0000000088a00000, 0x0000000088b00000, 0x0000000088b00000|100%|HC|  |TAMS 0x0000000088b00000| PB 0x0000000088a00000| Complete 
|  89|0x0000000088b00000, 0x0000000088c00000, 0x0000000088c00000|100%|HC|  |TAMS 0x0000000088c00000| PB 0x0000000088b00000| Complete 
|  90|0x0000000088c00000, 0x0000000088d00000, 0x0000000088d00000|100%|HC|  |TAMS 0x0000000088d00000| PB 0x0000000088c00000| Complete 
|  91|0x0000000088d00000, 0x0000000088e00000, 0x0000000088e00000|100%|HC|  |TAMS 0x0000000088e00000| PB 0x0000000088d00000| Complete 
|  92|0x0000000088e00000, 0x0000000088f00000, 0x0000000088f00000|100%|HC|  |TAMS 0x0000000088f00000| PB 0x0000000088e00000| Complete 
|  93|0x0000000088f00000, 0x0000000089000000, 0x0000000089000000|100%|HC|  |TAMS 0x0000000089000000| PB 0x0000000088f00000| Complete 
|  94|0x0000000089000000, 0x0000000089100000, 0x0000000089100000|100%|HC|  |TAMS 0x0000000089100000| PB 0x0000000089000000| Complete 
|  95|0x0000000089100000, 0x0000000089200000, 0x0000000089200000|100%|HC|  |TAMS 0x0000000089200000| PB 0x0000000089100000| Complete 
|  96|0x0000000089200000, 0x0000000089300000, 0x0000000089300000|100%|HC|  |TAMS 0x0000000089300000| PB 0x0000000089200000| Complete 
|  97|0x0000000089300000, 0x0000000089400000, 0x0000000089400000|100%|HC|  |TAMS 0x0000000089400000| PB 0x0000000089300000| Complete 
|  98|0x0000000089400000, 0x0000000089500000, 0x0000000089500000|100%|HC|  |TAMS 0x0000000089500000| PB 0x0000000089400000| Complete 
|  99|0x0000000089500000, 0x0000000089600000, 0x0000000089600000|100%|HC|  |TAMS 0x0000000089600000| PB 0x0000000089500000| Complete 
| 100|0x0000000089600000, 0x0000000089700000, 0x0000000089700000|100%|HC|  |TAMS 0x0000000089700000| PB 0x0000000089600000| Complete 
| 101|0x0000000089700000, 0x0000000089800000, 0x0000000089800000|100%|HC|  |TAMS 0x0000000089800000| PB 0x0000000089700000| Complete 
| 102|0x0000000089800000, 0x0000000089900000, 0x0000000089900000|100%|HC|  |TAMS 0x0000000089900000| PB 0x0000000089800000| Complete 
| 103|0x0000000089900000, 0x0000000089a00000, 0x0000000089a00000|100%|HC|  |TAMS 0x0000000089a00000| PB 0x0000000089900000| Complete 
| 104|0x0000000089a00000, 0x0000000089b00000, 0x0000000089b00000|100%|HC|  |TAMS 0x0000000089b00000| PB 0x0000000089a00000| Complete 
| 105|0x0000000089b00000, 0x0000000089c00000, 0x0000000089c00000|100%|HC|  |TAMS 0x0000000089c00000| PB 0x0000000089b00000| Complete 
| 106|0x0000000089c00000, 0x0000000089d00000, 0x0000000089d00000|100%|HC|  |TAMS 0x0000000089d00000| PB 0x0000000089c00000| Complete 
| 107|0x0000000089d00000, 0x0000000089e00000, 0x0000000089e00000|100%|HC|  |TAMS 0x0000000089e00000| PB 0x0000000089d00000| Complete 
| 108|0x0000000089e00000, 0x0000000089f00000, 0x0000000089f00000|100%|HC|  |TAMS 0x0000000089f00000| PB 0x0000000089e00000| Complete 
| 109|0x0000000089f00000, 0x000000008a000000, 0x000000008a000000|100%|HC|  |TAMS 0x000000008a000000| PB 0x0000000089f00000| Complete 
| 110|0x000000008a000000, 0x000000008a100000, 0x000000008a100000|100%|HC|  |TAMS 0x000000008a100000| PB 0x000000008a000000| Complete 
| 111|0x000000008a100000, 0x000000008a200000, 0x000000008a200000|100%|HC|  |TAMS 0x000000008a200000| PB 0x000000008a100000| Complete 
| 112|0x000000008a200000, 0x000000008a300000, 0x000000008a300000|100%|HC|  |TAMS 0x000000008a300000| PB 0x000000008a200000| Complete 
| 113|0x000000008a300000, 0x000000008a400000, 0x000000008a400000|100%|HC|  |TAMS 0x000000008a400000| PB 0x000000008a300000| Complete 
| 114|0x000000008a400000, 0x000000008a500000, 0x000000008a500000|100%| O|  |TAMS 0x000000008a400000| PB 0x000000008a400000| Untracked 
| 115|0x000000008a500000, 0x000000008a600000, 0x000000008a600000|100%| O|  |TAMS 0x000000008a500000| PB 0x000000008a500000| Untracked 
| 116|0x000000008a600000, 0x000000008a665920, 0x000000008a700000| 39%| O|  |TAMS 0x000000008a600000| PB 0x000000008a600000| Updating 
| 117|0x000000008a700000, 0x000000008a700000, 0x000000008a800000|  0%| F|  |TAMS 0x000000008a700000| PB 0x000000008a700000| Untracked 
| 118|0x000000008a800000, 0x000000008a800000, 0x000000008a900000|  0%| F|  |TAMS 0x000000008a800000| PB 0x000000008a800000| Untracked 
| 119|0x000000008a900000, 0x000000008a900000, 0x000000008aa00000|  0%| F|  |TAMS 0x000000008a900000| PB 0x000000008a900000| Untracked 
| 120|0x000000008aa00000, 0x000000008aa00000, 0x000000008ab00000|  0%| F|  |TAMS 0x000000008aa00000| PB 0x000000008aa00000| Untracked 
| 121|0x000000008ab00000, 0x000000008ab00000, 0x000000008ac00000|  0%| F|  |TAMS 0x000000008ab00000| PB 0x000000008ab00000| Untracked 
| 122|0x000000008ac00000, 0x000000008ac00000, 0x000000008ad00000|  0%| F|  |TAMS 0x000000008ac00000| PB 0x000000008ac00000| Untracked 
| 123|0x000000008ad00000, 0x000000008ad77908, 0x000000008ae00000| 46%| S|CS|TAMS 0x000000008ad00000| PB 0x000000008ad00000| Complete 
| 124|0x000000008ae00000, 0x000000008ae00000, 0x000000008af00000|  0%| F|  |TAMS 0x000000008ae00000| PB 0x000000008ae00000| Untracked 
| 125|0x000000008af00000, 0x000000008af00000, 0x000000008b000000|  0%| F|  |TAMS 0x000000008af00000| PB 0x000000008af00000| Untracked 
| 126|0x000000008b000000, 0x000000008b000000, 0x000000008b100000|  0%| F|  |TAMS 0x000000008b000000| PB 0x000000008b000000| Untracked 
| 127|0x000000008b100000, 0x000000008b100000, 0x000000008b200000|  0%| F|  |TAMS 0x000000008b100000| PB 0x000000008b100000| Untracked 
| 128|0x000000008b200000, 0x000000008b200000, 0x000000008b300000|  0%| F|  |TAMS 0x000000008b200000| PB 0x000000008b200000| Untracked 
| 129|0x000000008b300000, 0x000000008b3704b8, 0x000000008b400000| 43%| E|  |TAMS 0x000000008b300000| PB 0x000000008b300000| Complete 
|1994|0x00000000ffc00000, 0x00000000ffd00000, 0x00000000ffd00000|100%| O|  |TAMS 0x00000000ffcb0398| PB 0x00000000ffcb0398| Untracked 
|1995|0x00000000ffd00000, 0x00000000ffe00000, 0x00000000ffe00000|100%| O|  |TAMS 0x00000000ffe00000| PB 0x00000000ffe00000| Updating 
|1996|0x00000000ffe00000, 0x00000000fff00000, 0x00000000fff00000|100%| O|  |TAMS 0x00000000fff00000| PB 0x00000000fff00000| Updating 
|1997|0x00000000fff00000, 0x0000000100000000, 0x0000000100000000|100%| O|  |TAMS 0x0000000100000000| PB 0x0000000100000000| Untracked 

Card table byte_map: [0x000001f4cc9d0000,0x000001f4ccdc0000] _byte_map_base: 0x000001f4cc5b7000

Marking Bits: (CMBitMap*) 0x000001f4b4eb0b40
 Bits: [0x000001f4ccdc0000, 0x000001f4cecf8000)

Polling page: 0x000001f4b4630000

Metaspace:

Usage:
  Non-class:      7.47 MB used.
      Class:    860.80 KB used.
       Both:      8.31 MB used.

Virtual space:
  Non-class space:       64.00 MB reserved,       7.62 MB ( 12%) committed,  1 nodes.
      Class space:        1.00 GB reserved,       1.00 MB ( <1%) committed,  1 nodes.
             Both:        1.06 GB reserved,       8.62 MB ( <1%) committed. 

Chunk freelists:
   Non-Class:  8.38 MB
       Class:  15.01 MB
        Both:  23.39 MB

MaxMetaspaceSize: unlimited
CompressedClassSpaceSize: 1.00 GB
Initial GC threshold: 21.00 MB
Current GC threshold: 21.00 MB
CDS: on
 - commit_granule_bytes: 65536.
 - commit_granule_words: 8192.
 - virtual_space_node_default_size: 8388608.
 - enlarge_chunks_in_place: 1.
 - use_allocation_guard: 0.


Internal statistics:

num_allocs_failed_limit: 0.
num_arena_births: 352.
num_arena_deaths: 0.
num_vsnodes_births: 2.
num_vsnodes_deaths: 0.
num_space_committed: 138.
num_space_uncommitted: 0.
num_chunks_returned_to_freelist: 0.
num_chunks_taken_from_freelist: 469.
num_chunk_merges: 0.
num_chunk_splits: 277.
num_chunks_enlarged: 107.
num_inconsistent_stats: 0.

CodeHeap 'non-profiled nmethods': size=120000Kb used=595Kb max_used=595Kb free=119405Kb
 bounds [0x000001f4c4d80000, 0x000001f4c4ff0000, 0x000001f4cc2b0000]
CodeHeap 'profiled nmethods': size=120000Kb used=2457Kb max_used=2457Kb free=117542Kb
 bounds [0x000001f4bd2b0000, 0x000001f4bd520000, 0x000001f4c47e0000]
CodeHeap 'non-nmethods': size=5760Kb used=1795Kb max_used=1827Kb free=3964Kb
 bounds [0x000001f4c47e0000, 0x000001f4c4a50000, 0x000001f4c4d80000]
 total_blobs=2163 nmethods=1502 adapters=566
 compilation: enabled
              stopped_count=0, restarted_count=0
 full_count=0

Compilation events (20 events):
Event: 0.966 Thread 0x000001f4d171e920 nmethod 1497 0x000001f4bd513c90 code [0x000001f4bd513ee0, 0x000001f4bd514840]
Event: 0.966 Thread 0x000001f4d171e920 1501       3       java.util.regex.CharPredicates$$Lambda/0x800000027::is (5 bytes)
Event: 0.966 Thread 0x000001f4d171e920 nmethod 1501 0x000001f4bd514b90 code [0x000001f4bd514d60, 0x000001f4bd515170]
Event: 0.966 Thread 0x000001f4d171e920 1498       3       java.lang.ref.ReferenceQueue::signal (10 bytes)
Event: 0.966 Thread 0x000001f4d171e920 nmethod 1498 0x000001f4bd515310 code [0x000001f4bd515500, 0x000001f4bd515910]
Event: 0.970 Thread 0x000001f4d1718520 nmethod 1484% 0x000001f4c4e11790 code [0x000001f4c4e11980, 0x000001f4c4e12228]
Event: 0.970 Thread 0x000001f4d1718520 1503       4       java.util.regex.CharPredicates$$Lambda/0x800000027::is (5 bytes)
Event: 0.971 Thread 0x000001f5207b7080 nmethod 1461 0x000001f4c4e12790 code [0x000001f4c4e129c0, 0x000001f4c4e13840]
Event: 0.971 Thread 0x000001f5207b7080 1494       4       java.util.regex.Matcher::find (69 bytes)
Event: 0.971 Thread 0x000001f4d1718520 nmethod 1503 0x000001f4c4e13f90 code [0x000001f4c4e14120, 0x000001f4c4e14210]
Event: 0.971 Thread 0x000001f4d1718520 1493       4       java.lang.String::codePointAt (50 bytes)
Event: 0.972 Thread 0x000001f4d1718520 nmethod 1493 0x000001f4c4e14310 code [0x000001f4c4e144c0, 0x000001f4c4e14638]
Event: 0.972 Thread 0x000001f4d1718520 1502       4       java.util.regex.Pattern$Node::study (21 bytes)
Event: 0.972 Thread 0x000001f4d171e920 1504       3       java.lang.invoke.DirectMethodHandle$Holder::invokeStatic (24 bytes)
Event: 0.973 Thread 0x000001f4d171e920 nmethod 1504 0x000001f4bd515a90 code [0x000001f4bd515c60, 0x000001f4bd5161a8]
Event: 0.973 Thread 0x000001f4d171e920 1505       3       java.lang.invoke.BoundMethodHandle$Species_L::speciesData (4 bytes)
Event: 0.973 Thread 0x000001f4d171e920 nmethod 1505 0x000001f4bd516310 code [0x000001f4bd5164a0, 0x000001f4bd5165b8]
Event: 0.973 Thread 0x000001f4d171e920 1507       3       java.lang.invoke.StringConcatFactory::parseRecipe (213 bytes)
Event: 0.973 Thread 0x000001f4d1718520 nmethod 1502 0x000001f4c4e14790 code [0x000001f4c4e14940, 0x000001f4c4e14a98]
Event: 0.973 Thread 0x000001f4d1718520 1481       4       java.lang.CharacterData::of (136 bytes)

GC Heap History (10 events):
Event: 0.490 GC heap before
{Heap before GC invocations=0 (full 0):
 garbage-first heap   total 129024K, used 24576K [0x0000000083200000, 0x0000000100000000)
  region size 1024K, 23 young (23552K), 0 survivors (0K)
 Metaspace       used 7424K, committed 7680K, reserved 1114112K
  class space    used 771K, committed 896K, reserved 1048576K
}
Event: 0.493 GC heap after
{Heap after GC invocations=1 (full 0):
 garbage-first heap   total 129024K, used 9827K [0x0000000083200000, 0x0000000100000000)
  region size 1024K, 3 young (3072K), 3 survivors (3072K)
 Metaspace       used 7424K, committed 7680K, reserved 1114112K
  class space    used 771K, committed 896K, reserved 1048576K
}
Event: 0.723 GC heap before
{Heap before GC invocations=1 (full 0):
 garbage-first heap   total 129024K, used 60003K [0x0000000083200000, 0x0000000100000000)
  region size 1024K, 29 young (29696K), 3 survivors (3072K)
 Metaspace       used 7897K, committed 8256K, reserved 1114112K
  class space    used 812K, committed 960K, reserved 1048576K
}
Event: 0.726 GC heap after
{Heap after GC invocations=2 (full 0):
 garbage-first heap   total 129024K, used 46909K [0x0000000083200000, 0x0000000100000000)
  region size 1024K, 4 young (4096K), 4 survivors (4096K)
 Metaspace       used 7897K, committed 8256K, reserved 1114112K
  class space    used 812K, committed 960K, reserved 1048576K
}
Event: 0.788 GC heap before
{Heap before GC invocations=2 (full 0):
 garbage-first heap   total 129024K, used 59197K [0x0000000083200000, 0x0000000100000000)
  region size 1024K, 8 young (8192K), 4 survivors (4096K)
 Metaspace       used 7963K, committed 8320K, reserved 1114112K
  class space    used 813K, committed 960K, reserved 1048576K
}
Event: 0.789 GC heap after
{Heap after GC invocations=3 (full 0):
 garbage-first heap   total 129024K, used 59606K [0x0000000083200000, 0x0000000100000000)
  region size 1024K, 7 young (7168K), 7 survivors (7168K)
 Metaspace       used 7963K, committed 8320K, reserved 1114112K
  class space    used 813K, committed 960K, reserved 1048576K
}
Event: 0.963 GC heap before
{Heap before GC invocations=3 (full 0):
 garbage-first heap   total 129024K, used 128214K [0x0000000083200000, 0x0000000100000000)
  region size 1024K, 12 young (12288K), 7 survivors (7168K)
 Metaspace       used 8498K, committed 8832K, reserved 1114112K
  class space    used 859K, committed 1024K, reserved 1048576K
}
Event: 0.965 GC heap after
{Heap after GC invocations=4 (full 0):
 garbage-first heap   total 137216K, used 123992K [0x0000000083200000, 0x0000000100000000)
  region size 1024K, 4 young (4096K), 4 survivors (4096K)
 Metaspace       used 8498K, committed 8832K, reserved 1114112K
  class space    used 859K, committed 1024K, reserved 1048576K
}
Event: 0.969 GC heap before
{Heap before GC invocations=4 (full 0):
 garbage-first heap   total 137216K, used 126040K [0x0000000083200000, 0x0000000100000000)
  region size 1024K, 6 young (6144K), 4 survivors (4096K)
 Metaspace       used 8501K, committed 8832K, reserved 1114112K
  class space    used 859K, committed 1024K, reserved 1048576K
}
Event: 0.970 GC heap after
{Heap after GC invocations=5 (full 0):
 garbage-first heap   total 137216K, used 123764K [0x0000000083200000, 0x0000000100000000)
  region size 1024K, 1 young (1024K), 1 survivors (1024K)
 Metaspace       used 8501K, committed 8832K, reserved 1114112K
  class space    used 859K, committed 1024K, reserved 1048576K
}

Dll operation events (13 events):
Event: 0.008 Loaded shared library C:\Users\Ęîńň˙\.jdks\openjdk-21\bin\java.dll
Event: 0.036 Loaded shared library C:\Users\Ęîńň˙\.jdks\openjdk-21\bin\jsvml.dll
Event: 0.064 Loaded shared library C:\Users\Ęîńň˙\.jdks\openjdk-21\bin\zip.dll
Event: 0.068 Loaded shared library C:\Users\Ęîńň˙\.jdks\openjdk-21\bin\instrument.dll
Event: 0.072 Loaded shared library C:\Users\Ęîńň˙\.jdks\openjdk-21\bin\net.dll
Event: 0.073 Loaded shared library C:\Users\Ęîńň˙\.jdks\openjdk-21\bin\nio.dll
Event: 0.076 Loaded shared library C:\Users\Ęîńň˙\.jdks\openjdk-21\bin\zip.dll
Event: 0.083 Loaded shared library D:\Program Files\IntelliJ IDEA Community Edition 2023.2.1\bin\breakgen64.dll
Event: 0.090 Loaded shared library C:\Users\Ęîńň˙\.jdks\openjdk-21\bin\extnet.dll
Event: 0.095 Loaded shared library C:\Users\Ęîńň˙\.jdks\openjdk-21\bin\jimage.dll
Event: 0.124 Loaded shared library C:\Users\Ęîńň˙\.jdks\openjdk-21\bin\awt.dll
Event: 0.382 Loaded shared library C:\Users\Ęîńň˙\.jdks\openjdk-21\bin\jsound.dll
Event: 0.475 Loaded shared library C:\Users\Ęîńň˙\.jdks\openjdk-21\bin\javajpeg.dll

Deoptimization events (20 events):
Event: 0.506 Thread 0x000001f4d1c47c20 DEOPT PACKING pc=0x000001f4bd435a50 sp=0x0000006bdf3fe2d0
Event: 0.506 Thread 0x000001f4d1c47c20 DEOPT UNPACKING pc=0x000001f4c48388e2 sp=0x0000006bdf3fd7a8 mode 0
Event: 0.506 Thread 0x000001f4d1c47c20 DEOPT PACKING pc=0x000001f4bd435a50 sp=0x0000006bdf3fe2d0
Event: 0.506 Thread 0x000001f4d1c47c20 DEOPT UNPACKING pc=0x000001f4c48388e2 sp=0x0000006bdf3fd7a8 mode 0
Event: 0.506 Thread 0x000001f4d1c47c20 DEOPT PACKING pc=0x000001f4bd435a50 sp=0x0000006bdf3fe2d0
Event: 0.506 Thread 0x000001f4d1c47c20 DEOPT UNPACKING pc=0x000001f4c48388e2 sp=0x0000006bdf3fd7a8 mode 0
Event: 0.507 Thread 0x000001f4d1c47c20 DEOPT PACKING pc=0x000001f4bd435a50 sp=0x0000006bdf3fe2d0
Event: 0.507 Thread 0x000001f4d1c47c20 DEOPT UNPACKING pc=0x000001f4c48388e2 sp=0x0000006bdf3fd7a8 mode 0
Event: 0.507 Thread 0x000001f4d1c47c20 DEOPT PACKING pc=0x000001f4bd435a50 sp=0x0000006bdf3fe2d0
Event: 0.507 Thread 0x000001f4d1c47c20 DEOPT UNPACKING pc=0x000001f4c48388e2 sp=0x0000006bdf3fd7a8 mode 0
Event: 0.507 Thread 0x000001f4d1c47c20 DEOPT PACKING pc=0x000001f4bd435a50 sp=0x0000006bdf3fe2d0
Event: 0.507 Thread 0x000001f4d1c47c20 DEOPT UNPACKING pc=0x000001f4c48388e2 sp=0x0000006bdf3fd7a8 mode 0
Event: 0.507 Thread 0x000001f4d1c47c20 DEOPT PACKING pc=0x000001f4bd435a50 sp=0x0000006bdf3fe2d0
Event: 0.507 Thread 0x000001f4d1c47c20 DEOPT UNPACKING pc=0x000001f4c48388e2 sp=0x0000006bdf3fd7a8 mode 0
Event: 0.862 Thread 0x000001f4d1c47c20 DEOPT PACKING pc=0x000001f4bd4b83b8 sp=0x0000006bdf3fe780
Event: 0.862 Thread 0x000001f4d1c47c20 DEOPT UNPACKING pc=0x000001f4c48388e2 sp=0x0000006bdf3fdc68 mode 0
Event: 0.966 Thread 0x000001f4d1c47c20 Uncommon trap: trap_request=0xffffff45 fr.pc=0x000001f4c4e0cfdc relative=0x00000000000000bc
Event: 0.966 Thread 0x000001f4d1c47c20 Uncommon trap: reason=unstable_if action=reinterpret pc=0x000001f4c4e0cfdc method=java.util.regex.CharPredicates.lambda$ASCII_SPACE$20(I)Z @ 4 c2
Event: 0.966 Thread 0x000001f4d1c47c20 DEOPT PACKING pc=0x000001f4c4e0cfdc sp=0x0000006bdf3fe620
Event: 0.966 Thread 0x000001f4d1c47c20 DEOPT UNPACKING pc=0x000001f4c4837da2 sp=0x0000006bdf3fe538 mode 2

Classes loaded (20 events):
Event: 0.823 Loading class sun/java2d/marlin/MarlinUtils
Event: 0.823 Loading class sun/java2d/marlin/MarlinUtils done
Event: 0.823 Loading class sun/java2d/marlin/DPQSSorterContext
Event: 0.823 Loading class sun/java2d/marlin/DPQSSorterContext done
Event: 0.823 Loading class java/awt/geom/LineIterator
Event: 0.823 Loading class java/awt/geom/LineIterator done
Event: 0.823 Loading class sun/java2d/marlin/Helpers
Event: 0.823 Loading class sun/java2d/marlin/Helpers done
Event: 0.823 Loading class java/awt/geom/Rectangle2D$Float
Event: 0.823 Loading class java/awt/geom/Rectangle2D$Float done
Event: 0.928 Loading class java/util/stream/MatchOps$MatchKind
Event: 0.928 Loading class java/util/stream/MatchOps$MatchKind done
Event: 0.928 Loading class java/util/stream/MatchOps
Event: 0.928 Loading class java/util/stream/MatchOps done
Event: 0.928 Loading class java/util/stream/MatchOps$MatchOp
Event: 0.928 Loading class java/util/stream/MatchOps$MatchOp done
Event: 0.928 Loading class java/util/stream/MatchOps$BooleanTerminalSink
Event: 0.928 Loading class java/util/stream/MatchOps$BooleanTerminalSink done
Event: 0.928 Loading class java/util/stream/MatchOps$1MatchSink
Event: 0.928 Loading class java/util/stream/MatchOps$1MatchSink done

Classes unloaded (0 events):
No events

Classes redefined (0 events):
No events

Internal exceptions (20 events):
Event: 0.091 Thread 0x000001f4d1a75d30 Exception <a 'java/lang/NoSuchMethodError'{0x000000008ad7ee80}: 'void java.lang.invoke.DirectMethodHandle$Holder.invokeStatic(java.lang.Object, java.lang.Object)'> (0x000000008ad7ee80) 
thrown [s\open\src\hotspot\share\interpreter\linkResolver.cpp, line 773]
Event: 0.097 Thread 0x000001f4b2db1c00 Exception <a 'java/lang/NoSuchMethodError'{0x000000008ac26820}: 'void java.lang.invoke.DirectMethodHandle$Holder.invokeVirtual(java.lang.Object, java.lang.Object)'> (0x000000008ac26820) 
thrown [s\open\src\hotspot\share\interpreter\linkResolver.cpp, line 773]
Event: 0.097 Thread 0x000001f4b2db1c00 Exception <a 'java/lang/NoSuchMethodError'{0x000000008ac29f70}: 'void java.lang.invoke.DirectMethodHandle$Holder.invokeSpecial(java.lang.Object, java.lang.Object, java.lang.Object)'> (0x000000008ac29f70) 
thrown [s\open\src\hotspot\share\interpreter\linkResolver.cpp, line 773]
Event: 0.100 Thread 0x000001f4b2db1c00 Exception <a 'java/lang/NoSuchMethodError'{0x000000008ac3cb08}: 'int java.lang.invoke.DirectMethodHandle$Holder.invokeSpecial(java.lang.Object, java.lang.Object, java.lang.Object, int)'> (0x000000008ac3cb08) 
thrown [s\open\src\hotspot\share\interpreter\linkResolver.cpp, line 773]
Event: 0.102 Thread 0x000001f4b2db1c00 Exception <a 'java/lang/NoSuchMethodError'{0x000000008ac4f440}: 'java.lang.Object java.lang.invoke.DirectMethodHandle$Holder.invokeStatic(java.lang.Object, java.lang.Object, java.lang.Object, java.lang.Object, int)'> (0x000000008ac4f440) 
thrown [s\open\src\hotspot\share\interpreter\linkResolver.cpp, line 773]
Event: 0.102 Thread 0x000001f4b2db1c00 Exception <a 'java/lang/NoSuchMethodError'{0x000000008ac572f0}: 'long java.lang.invoke.DirectMethodHandle$Holder.invokeStatic(java.lang.Object, java.lang.Object, int)'> (0x000000008ac572f0) 
thrown [s\open\src\hotspot\share\interpreter\linkResolver.cpp, line 773]
Event: 0.103 Thread 0x000001f4b2db1c00 Exception <a 'java/lang/NoSuchMethodError'{0x000000008ac62840}: 'java.lang.Object java.lang.invoke.DelegatingMethodHandle$Holder.reinvoke_L(java.lang.Object, int, long, java.lang.Object, java.lang.Object, int, java.lang.Object)'> (0x000000008ac62840) 
thrown [s\open\src\hotspot\share\interpreter\linkResolver.cpp, line 773]
Event: 0.105 Thread 0x000001f4b2db1c00 Exception <a 'java/lang/NoSuchMethodError'{0x000000008ac74908}: 'int java.lang.invoke.DirectMethodHandle$Holder.invokeSpecial(java.lang.Object, java.lang.Object, java.lang.Object)'> (0x000000008ac74908) 
thrown [s\open\src\hotspot\share\interpreter\linkResolver.cpp, line 773]
Event: 0.107 Thread 0x000001f4b2db1c00 Exception <a 'java/lang/NoSuchMethodError'{0x000000008ac8d868}: 'java.lang.Object java.lang.invoke.DirectMethodHandle$Holder.invokeStatic(java.lang.Object, java.lang.Object, int)'> (0x000000008ac8d868) 
thrown [s\open\src\hotspot\share\interpreter\linkResolver.cpp, line 773]
Event: 0.108 Thread 0x000001f4b2db1c00 Exception <a 'java/lang/NoSuchMethodError'{0x000000008ac99318}: 'void java.lang.invoke.DelegatingMethodHandle$Holder.delegate(java.lang.Object, java.lang.Object, int, java.lang.Object)'> (0x000000008ac99318) 
thrown [s\open\src\hotspot\share\interpreter\linkResolver.cpp, line 773]
Event: 0.114 Thread 0x000001f4b2db1c00 Exception <a 'java/lang/ClassNotFoundException'{0x000000008aca9eb8}: sun/awt/resources/spi/awtProvider> (0x000000008aca9eb8) 
thrown [s\open\src\hotspot\share\classfile\systemDictionary.cpp, line 312]
Event: 0.130 Thread 0x000001f4b2db1c00 Exception <a 'java/io/FileNotFoundException'{0x000000008acf9c20}> (0x000000008acf9c20) 
thrown [s\open\src\hotspot\share\prims\jni.cpp, line 520]
Event: 0.134 Thread 0x000001f4b2db1c00 Exception <a 'java/io/FileNotFoundException'{0x000000008ab23ea8}> (0x000000008ab23ea8) 
thrown [s\open\src\hotspot\share\prims\jni.cpp, line 520]
Event: 0.219 Thread 0x000001f4d1c47c20 Exception <a 'java/lang/NoSuchMethodError'{0x000000008a93f428}: 'java.lang.Object java.lang.invoke.DirectMethodHandle$Holder.newInvokeSpecial(java.lang.Object, java.lang.Object, java.lang.Object, java.lang.Object, java.lang.Object)'> (0x000000008a93f428) 
thrown [s\open\src\hotspot\share\interpreter\linkResolver.cpp, line 773]
Event: 0.223 Thread 0x000001f4d1c47c20 Exception <a 'java/lang/NoSuchMethodError'{0x000000008a96b1e8}: 'java.lang.Object java.lang.invoke.DirectMethodHandle$Holder.invokeStatic(java.lang.Object, int, java.lang.Object)'> (0x000000008a96b1e8) 
thrown [s\open\src\hotspot\share\interpreter\linkResolver.cpp, line 773]
Event: 0.238 Thread 0x000001f4d1c47c20 Exception <a 'java/lang/ClassNotFoundException'{0x000000008a80ada8}: com/sun/swing/internal/plaf/metal/resources/spi/metalProvider> (0x000000008a80ada8) 
thrown [s\open\src\hotspot\share\classfile\systemDictionary.cpp, line 312]
Event: 0.239 Thread 0x000001f4d1c47c20 Exception <a 'java/lang/ClassNotFoundException'{0x000000008a80ed58}: com/sun/swing/internal/plaf/basic/resources/spi/basicProvider> (0x000000008a80ed58) 
thrown [s\open\src\hotspot\share\classfile\systemDictionary.cpp, line 312]
Event: 0.249 Thread 0x000001f4d1c47c20 Exception <a 'java/lang/NoSuchMethodError'{0x000000008a82ad30}: 'int java.lang.invoke.Invokers$Holder.invokeExact_MT(java.lang.Object, java.lang.Object)'> (0x000000008a82ad30) 
thrown [s\open\src\hotspot\share\interpreter\linkResolver.cpp, line 773]
Event: 0.316 Thread 0x000001f4d1c47c20 Exception <a 'java/lang/NoSuchMethodError'{0x000000008a6ea198}: 'java.lang.Object java.lang.invoke.DirectMethodHandle$Holder.invokeSpecial(java.lang.Object, java.lang.Object, java.lang.Object, int, int)'> (0x000000008a6ea198) 
thrown [s\open\src\hotspot\share\interpreter\linkResolver.cpp, line 773]
Event: 0.940 Thread 0x000001f4d1c47c20 Exception <a 'java/lang/NoSuchMethodError'{0x000000008aefd450}: 'java.lang.Object java.lang.invoke.Invokers$Holder.linkToTargetMethod(int, int, int, int, java.lang.Object)'> (0x000000008aefd450) 
thrown [s\open\src\hotspot\share\interpreter\linkResolver.cpp, line 773]

ZGC Phase Switch (0 events):
No events

VM Operations (19 events):
Event: 0.055 Executing VM operation: HandshakeAllThreads (Deoptimize)
Event: 0.055 Executing VM operation: HandshakeAllThreads (Deoptimize) done
Event: 0.145 Executing VM operation: HandshakeAllThreads (Deoptimize)
Event: 0.145 Executing VM operation: HandshakeAllThreads (Deoptimize) done
Event: 0.260 Executing VM operation: HandshakeAllThreads (Deoptimize)
Event: 0.260 Executing VM operation: HandshakeAllThreads (Deoptimize) done
Event: 0.296 Executing VM operation: HandshakeAllThreads (Deoptimize)
Event: 0.296 Executing VM operation: HandshakeAllThreads (Deoptimize) done
Event: 0.490 Executing VM operation: G1CollectForAllocation (G1 Evacuation Pause)
Event: 0.493 Executing VM operation: G1CollectForAllocation (G1 Evacuation Pause) done
Event: 0.723 Executing VM operation: G1CollectForAllocation (G1 Evacuation Pause)
Event: 0.726 Executing VM operation: G1CollectForAllocation (G1 Evacuation Pause) done
Event: 0.788 Executing VM operation: G1TryInitiateConcMark (G1 Humongous Allocation)
Event: 0.789 Executing VM operation: G1TryInitiateConcMark (G1 Humongous Allocation) done
Event: 0.963 Executing VM operation: G1CollectForAllocation (G1 Evacuation Pause)
Event: 0.965 Executing VM operation: G1CollectForAllocation (G1 Evacuation Pause) done
Event: 0.969 Executing VM operation: G1CollectForAllocation (G1 Evacuation Pause)
Event: 0.970 Executing VM operation: G1CollectForAllocation (G1 Evacuation Pause) done
Event: 0.973 Executing VM operation: G1PauseRemark

Events (20 events):
Event: 0.702 Thread 0x000001f520cd40a0 Thread added: 0x000001f520cd40a0
Event: 0.706 Thread 0x000001f520cd8f60 Thread added: 0x000001f520cd8f60
Event: 0.712 Thread 0x000001f520cd9c80 Thread added: 0x000001f520cd9c80
Event: 0.716 Thread 0x000001f520cd95f0 Thread added: 0x000001f520cd95f0
Event: 0.721 Thread 0x000001f520cda9a0 Thread added: 0x000001f520cda9a0
Event: 0.729 Thread 0x000001f520cd3a10 Thread added: 0x000001f520cd3a10
Event: 0.732 Thread 0x000001f520cdb030 Thread added: 0x000001f520cdb030
Event: 0.736 Thread 0x000001f520cd6170 Thread added: 0x000001f520cd6170
Event: 0.741 Thread 0x000001f520cd4730 Thread added: 0x000001f520cd4730
Event: 0.744 Thread 0x000001f520cd5450 Thread added: 0x000001f520cd5450
Event: 0.747 Thread 0x000001f520cd5ae0 Thread added: 0x000001f520cd5ae0
Event: 0.752 Thread 0x000001f520cd6e90 Thread added: 0x000001f520cd6e90
Event: 0.757 Thread 0x000001f521561de0 Thread added: 0x000001f521561de0
Event: 0.760 Thread 0x000001f521566ca0 Thread added: 0x000001f521566ca0
Event: 0.765 Thread 0x000001f521561750 Thread added: 0x000001f521561750
Event: 0.769 Thread 0x000001f5215603a0 Thread added: 0x000001f5215603a0
Event: 0.774 Thread 0x000001f521567330 Thread added: 0x000001f521567330
Event: 0.780 Thread 0x000001f521562470 Thread added: 0x000001f521562470
Event: 0.783 Thread 0x000001f5215679c0 Thread added: 0x000001f5215679c0
Event: 0.788 Thread 0x000001f521560a30 Thread added: 0x000001f521560a30


Dynamic libraries:
0x00007ff6c2800000 - 0x00007ff6c280e000 	C:\Users\Ęîńň˙\.jdks\openjdk-21\bin\java.exe
0x00007ffeab870000 - 0x00007ffeaba68000 	C:\Windows\SYSTEM32\ntdll.dll
0x00007ffea9cf0000 - 0x00007ffea9db2000 	C:\Windows\System32\KERNEL32.DLL
0x00007ffea8fe0000 - 0x00007ffea92d6000 	C:\Windows\System32\KERNELBASE.dll
0x00007ffea92e0000 - 0x00007ffea93e0000 	C:\Windows\System32\ucrtbase.dll
0x00007ffe9c140000 - 0x00007ffe9c15b000 	C:\Users\Ęîńň˙\.jdks\openjdk-21\bin\VCRUNTIME140.dll
0x00007ffe7fbd0000 - 0x00007ffe7fbe8000 	C:\Users\Ęîńň˙\.jdks\openjdk-21\bin\jli.dll
0x00007ffeaa580000 - 0x00007ffeaa721000 	C:\Windows\System32\USER32.dll
0x00007ffe9e070000 - 0x00007ffe9e30b000 	C:\Windows\WinSxS\amd64_microsoft.windows.common-controls_6595b64144ccf1df_6.0.19041.6456_none_60b8a6cb71f64256\COMCTL32.dll
0x00007ffea8fb0000 - 0x00007ffea8fd2000 	C:\Windows\System32\win32u.dll
0x00007ffea9bf0000 - 0x00007ffea9c8e000 	C:\Windows\System32\msvcrt.dll
0x00007ffea9950000 - 0x00007ffea997b000 	C:\Windows\System32\GDI32.dll
0x00007ffea96f0000 - 0x00007ffea9809000 	C:\Windows\System32\gdi32full.dll
0x00007ffea9650000 - 0x00007ffea96ed000 	C:\Windows\System32\msvcp_win.dll
0x00007ffeaa730000 - 0x00007ffeaa75f000 	C:\Windows\System32\IMM32.DLL
0x00007ffea4a20000 - 0x00007ffea4a2c000 	C:\Users\Ęîńň˙\.jdks\openjdk-21\bin\vcruntime140_1.dll
0x00007ffe7d9d0000 - 0x00007ffe7da5e000 	C:\Users\Ęîńň˙\.jdks\openjdk-21\bin\msvcp140.dll
0x00007ffe340d0000 - 0x00007ffe34de3000 	C:\Users\Ęîńň˙\.jdks\openjdk-21\bin\server\jvm.dll
0x00007ffeab590000 - 0x00007ffeab641000 	C:\Windows\System32\ADVAPI32.dll
0x00007ffeab790000 - 0x00007ffeab82f000 	C:\Windows\System32\sechost.dll
0x00007ffeaac50000 - 0x00007ffeaad70000 	C:\Windows\System32\RPCRT4.dll
0x00007ffea9860000 - 0x00007ffea9887000 	C:\Windows\System32\bcrypt.dll
0x00007ffea9a60000 - 0x00007ffea9acb000 	C:\Windows\System32\WS2_32.dll
0x00007ffea8440000 - 0x00007ffea848b000 	C:\Windows\SYSTEM32\POWRPROF.dll
0x00007ffe9fc20000 - 0x00007ffe9fc2a000 	C:\Windows\SYSTEM32\VERSION.dll
0x00007ffe99300000 - 0x00007ffe99327000 	C:\Windows\SYSTEM32\WINMM.dll
0x00007ffea8300000 - 0x00007ffea8312000 	C:\Windows\SYSTEM32\UMPDC.dll
0x00007ffea76b0000 - 0x00007ffea76c2000 	C:\Windows\SYSTEM32\kernel.appcore.dll
0x00007ffea46b0000 - 0x00007ffea46ba000 	C:\Users\Ęîńň˙\.jdks\openjdk-21\bin\jimage.dll
0x00007ffea67c0000 - 0x00007ffea69c1000 	C:\Windows\SYSTEM32\DBGHELP.DLL
0x00007ffe9c220000 - 0x00007ffe9c254000 	C:\Windows\SYSTEM32\dbgcore.DLL
0x00007ffea93e0000 - 0x00007ffea9462000 	C:\Windows\System32\bcryptPrimitives.dll
0x00007ffe7fbc0000 - 0x00007ffe7fbcf000 	C:\Users\Ęîńň˙\.jdks\openjdk-21\bin\instrument.dll
0x00007ffe7fba0000 - 0x00007ffe7fbbf000 	C:\Users\Ęîńň˙\.jdks\openjdk-21\bin\java.dll
0x00007ffeaad70000 - 0x00007ffeab4e0000 	C:\Windows\System32\SHELL32.dll
0x00007ffea6ef0000 - 0x00007ffea7695000 	C:\Windows\SYSTEM32\windows.storage.dll
0x00007ffeaa220000 - 0x00007ffeaa574000 	C:\Windows\System32\combase.dll
0x00007ffea8930000 - 0x00007ffea895b000 	C:\Windows\SYSTEM32\Wldp.dll
0x00007ffea9980000 - 0x00007ffea9a4d000 	C:\Windows\System32\OLEAUT32.dll
0x00007ffeab4e0000 - 0x00007ffeab58d000 	C:\Windows\System32\SHCORE.dll
0x00007ffea9890000 - 0x00007ffea98eb000 	C:\Windows\System32\shlwapi.dll
0x00007ffea8e30000 - 0x00007ffea8e54000 	C:\Windows\SYSTEM32\profapi.dll
0x00007ffe69a80000 - 0x00007ffe69b57000 	C:\Users\Ęîńň˙\.jdks\openjdk-21\bin\jsvml.dll
0x00007ffe7fb80000 - 0x00007ffe7fb98000 	C:\Users\Ęîńň˙\.jdks\openjdk-21\bin\zip.dll
0x00007ffe7fb70000 - 0x00007ffe7fb80000 	C:\Users\Ęîńň˙\.jdks\openjdk-21\bin\net.dll
0x00007ffea5110000 - 0x00007ffea521a000 	C:\Windows\SYSTEM32\WINHTTP.dll
0x00007ffea8690000 - 0x00007ffea86fa000 	C:\Windows\system32\mswsock.dll
0x00007ffe7fb00000 - 0x00007ffe7fb16000 	C:\Users\Ęîńň˙\.jdks\openjdk-21\bin\nio.dll
0x00007ffe7fa20000 - 0x00007ffe7fa3a000 	D:\Program Files\IntelliJ IDEA Community Edition 2023.2.1\bin\breakgen64.dll
0x00007ffe7fa10000 - 0x00007ffe7fa17000 	C:\Users\Ęîńň˙\.jdks\openjdk-21\bin\extnet.dll
0x00007ffe632c0000 - 0x00007ffe6344e000 	C:\Users\Ęîńň˙\.jdks\openjdk-21\bin\awt.dll
0x00007ffea4d30000 - 0x00007ffea4dc4000 	C:\Windows\SYSTEM32\apphelp.dll
0x00007ffea6150000 - 0x00007ffea61ee000 	C:\Windows\system32\uxtheme.dll
0x00007ffea9ad0000 - 0x00007ffea9be5000 	C:\Windows\System32\MSCTF.dll
0x00007ffeaa0d0000 - 0x00007ffeaa1fb000 	C:\Windows\System32\ole32.dll
0x00007ffea6290000 - 0x00007ffea62be000 	C:\Windows\system32\DWMAPI.DLL
0x00007ffe81720000 - 0x00007ffe81848000 	C:\Windows\system32\opengl32.dll
0x00007ffea3370000 - 0x00007ffea339c000 	C:\Windows\SYSTEM32\GLU32.dll
0x00007ffe7f9f0000 - 0x00007ffe7fa02000 	C:\Users\Ęîńň˙\.jdks\openjdk-21\bin\jsound.dll
0x00007ffe69980000 - 0x00007ffe69a1c000 	C:\Windows\SYSTEM32\DSOUND.dll
0x00007ffe90fa0000 - 0x00007ffe90fc6000 	C:\Windows\SYSTEM32\winmmbase.dll
0x00007ffeab6e0000 - 0x00007ffeab789000 	C:\Windows\System32\clbcatq.dll
0x00007ffe9f6d0000 - 0x00007ffe9f755000 	C:\Windows\System32\MMDevApi.dll
0x00007ffea8c90000 - 0x00007ffea8cc3000 	C:\Windows\System32\DEVOBJ.dll
0x00007ffea9810000 - 0x00007ffea985e000 	C:\Windows\System32\cfgmgr32.dll
0x00007ffe61510000 - 0x00007ffe61556000 	C:\Windows\SYSTEM32\wdmaud.drv
0x00007ffea48d0000 - 0x00007ffea48d9000 	C:\Windows\SYSTEM32\ksuser.dll
0x00007ffea3e00000 - 0x00007ffea3e0a000 	C:\Windows\SYSTEM32\AVRT.dll
0x00007ffe8db40000 - 0x00007ffe8dcc1000 	C:\Windows\SYSTEM32\AUDIOSES.DLL
0x00007ffe6df90000 - 0x00007ffe6df9d000 	C:\Windows\SYSTEM32\msacm32.drv
0x00007ffe62040000 - 0x00007ffe6205e000 	C:\Windows\SYSTEM32\MSACM32.dll
0x00007ffe6cec0000 - 0x00007ffe6cecb000 	C:\Windows\SYSTEM32\midimap.dll
0x00007ffea62c0000 - 0x00007ffea62d4000 	C:\Windows\SYSTEM32\resourcepolicyclient.dll
0x00007ffe6cfa0000 - 0x00007ffe6cfce000 	C:\Users\Ęîńň˙\.jdks\openjdk-21\bin\javajpeg.dll

dbghelp: loaded successfully - version: 4.0.5 - missing functions: none
symbol engine: initialized successfully - sym options: 0x614 - pdb path: .;C:\Users\Ęîńň˙\.jdks\openjdk-21\bin;C:\Windows\SYSTEM32;C:\Windows\WinSxS\amd64_microsoft.windows.common-controls_6595b64144ccf1df_6.0.19041.6456_none_60b8a6cb71f64256;C:\Users\Ęîńň˙\.jdks\openjdk-21\bin\server;D:\Program Files\IntelliJ IDEA Community Edition 2023.2.1\bin

VM Arguments:
jvm_args: -javaagent:D:\Program Files\IntelliJ IDEA Community Edition 2023.2.1\lib\idea_rt.jar=63470:D:\Program Files\IntelliJ IDEA Community Edition 2023.2.1\bin -Dfile.encoding=UTF-8 -Dsun.stdout.encoding=UTF-8 -Dsun.stderr.encoding=UTF-8 
java_command: ui.GameFrame
java_class_path (initial): C:\Users\Ęîńň˙\IdeaProjects\TankFight 1.15\out\production\TankFight
Launcher Type: SUN_STANDARD

[Global flags]
     intx CICompilerCount                          = 4                                         {product} {ergonomic}
     uint ConcGCThreads                            = 2                                         {product} {ergonomic}
     uint G1ConcRefinementThreads                  = 8                                         {product} {ergonomic}
   size_t G1HeapRegionSize                         = 1048576                                   {product} {ergonomic}
    uintx GCDrainStackTargetSize                   = 64                                        {product} {ergonomic}
   size_t InitialHeapSize                          = 132120576                                 {product} {ergonomic}
   size_t MarkStackSize                            = 4194304                                   {product} {ergonomic}
   size_t MaxHeapSize                              = 2095054848                                {product} {ergonomic}
   size_t MaxNewSize                               = 1256194048                                {product} {ergonomic}
   size_t MinHeapDeltaBytes                        = 1048576                                   {product} {ergonomic}
   size_t MinHeapSize                              = 8388608                                   {product} {ergonomic}
    uintx NonNMethodCodeHeapSize                   = 5839372                                {pd product} {ergonomic}
    uintx NonProfiledCodeHeapSize                  = 122909434                              {pd product} {ergonomic}
    uintx ProfiledCodeHeapSize                     = 122909434                              {pd product} {ergonomic}
    uintx ReservedCodeCacheSize                    = 251658240                              {pd product} {ergonomic}
     bool SegmentedCodeCache                       = true                                      {product} {ergonomic}
   size_t SoftMaxHeapSize                          = 2095054848                             {manageable} {ergonomic}
     bool UseCompressedOops                        = true                           {product lp64_product} {ergonomic}
     bool UseG1GC                                  = true                                      {product} {ergonomic}
     bool UseLargePagesIndividualAllocation        = false                                  {pd product} {ergonomic}

Logging:
Log output configuration:
 #0: stdout all=warning uptime,level,tags foldmultilines=false
 #1: stderr all=off uptime,level,tags foldmultilines=false

Environment Variables:
PATH=C:\Program Files (x86)\Common Files\Oracle\Java\javapath;C:\Windows\system32;C:\Windows;C:\Windows\System32\Wbem;C:\Windows\System32\WindowsPowerShell\v1.0\;C:\Windows\System32\OpenSSH\;C:\Program Files (x86)\Microsoft SQL Server\160\Tools\Binn\;C:\Program Files\Microsoft SQL Server\160\Tools\Binn\;C:\Program Files\Microsoft SQL Server\Client SDK\ODBC\170\Tools\Binn\;C:\Program Files\Microsoft SQL Server\160\DTS\Binn\;C:\Program Files\dotnet\;C:\Program Files\Microsoft SQL Server\150\Tools\Binn\;C:\Program Files\Microsoft VS Code\bin;C:\Program Files (x86)\Windows Kits\10\Windows Performance Toolkit\;C:\Program Files\Git\cmd;C:\Program Files\GitHub CLI\;C:\Users\Ęîńň˙\AppData\Local\Programs\Python\Python311\Scripts\;C:\Users\Ęîńň˙\AppData\Local\Programs\Python\Python311\;C:\Users\Ęîńň˙\AppData\Local\Microsoft\WindowsApps;C:\Users\Ęîńň˙\.dotnet\tools;C:\Program Files\JetBrains\PyCharm Community Edition 2023.2.1\bin;;C:\Users\Ęîńň˙\AppData\Local\GitHubDesktop\bin
USERNAME=Ęîńň˙
OS=Windows_NT
PROCESSOR_IDENTIFIER=Intel64 Family 6 Model 140 Stepping 1, GenuineIntel
TMP=C:\Users\685F~1\AppData\Local\Temp
TEMP=C:\Users\685F~1\AppData\Local\Temp




---------------  S Y S T E M  ---------------

OS:
 Windows 10 , 64 bit Build 19041 (10.0.19041.5915)
OS uptime: 7 days 10:25 hours

CPU: total 8 (initial active 8) (4 cores per cpu, 2 threads per core) family 6 model 140 stepping 1 microcode 0x6e, cx8, cmov, fxsr, ht, mmx, 3dnowpref, sse, sse2, sse3, ssse3, sse4.1, sse4.2, popcnt, lzcnt, tsc, tscinvbit, avx, avx2, aes, erms, clmul, bmi1, bmi2, adx, avx512f, avx512dq, avx512cd, avx512bw, avx512vl, sha, fma, vzeroupper, avx512_vpopcntdq, avx512_vpclmulqdq, avx512_vaes, avx512_vnni, clflush, clflushopt, clwb, avx512_vbmi2, avx512_vbmi, rdtscp, rdpid, fsrm, gfni, avx512_bitalg, f16c, pku, cet_ibt, cet_ss, avx512_ifma
Processor Information for all 8 processors :
  Max Mhz: 2419, Current Mhz: 2419, Mhz Limit: 2419

Memory: 4k page, system-wide physical 7991M (556M free)
TotalPageFile size 57143M (AvailPageFile size 41M)
current process WorkingSet (physical memory assigned to process): 210M, peak: 210M
current process commit charge ("private bytes"): 261M, peak: 331M

vm_info: OpenJDK 64-Bit Server VM (21+35-2513) for windows-amd64 JRE (21+35-2513), built on 2023-08-09T20:25:10Z by "mach5one" with MS VC++ 17.1 (VS2022)

END.
